Performing C SOURCE FILE Test CMAKE_HAVE_LIBC_PTHREAD failed with the following output:
Change Dir: /home/kretkiew/visualExercises/cavestory/build/CMakeFiles/CMakeTmp

Run Build Command(s):/usr/bin/make -f Makefile cmTC_62d47/fast && /usr/bin/make  -f CMakeFiles/cmTC_62d47.dir/build.make CMakeFiles/cmTC_62d47.dir/build
make[1]: Entering directory '/home/kretkiew/visualExercises/cavestory/build/CMakeFiles/CMakeTmp'
Building C object CMakeFiles/cmTC_62d47.dir/src.c.o
/usr/bin/cc -DCMAKE_HAVE_LIBC_PTHREAD   -o CMakeFiles/cmTC_62d47.dir/src.c.o -c /home/kretkiew/visualExercises/cavestory/build/CMakeFiles/CMakeTmp/src.c
Linking C executable cmTC_62d47
/home/kretkiew/.local/lib/python2.7/site-packages/cmake/data/bin/cmake -E cmake_link_script CMakeFiles/cmTC_62d47.dir/link.txt --verbose=1
/usr/bin/cc CMakeFiles/cmTC_62d47.dir/src.c.o -o cmTC_62d47 
CMakeFiles/cmTC_62d47.dir/src.c.o: In function `main':
src.c:(.text+0x3e): undefined reference to `pthread_create'
src.c:(.text+0x4a): undefined reference to `pthread_detach'
src.c:(.text+0x56): undefined reference to `pthread_cancel'
src.c:(.text+0x67): undefined reference to `pthread_join'
src.c:(.text+0x7b): undefined reference to `pthread_atfork'
collect2: error: ld returned 1 exit status
CMakeFiles/cmTC_62d47.dir/build.make:98: recipe for target 'cmTC_62d47' failed
make[1]: *** [cmTC_62d47] Error 1
make[1]: Leaving directory '/home/kretkiew/visualExercises/cavestory/build/CMakeFiles/CMakeTmp'
Makefile:127: recipe for target 'cmTC_62d47/fast' failed
make: *** [cmTC_62d47/fast] Error 2


Source file was:
#include <pthread.h>

static void* test_func(void* data)
{
  return data;
}

int main(void)
{
  pthread_t thread;
  pthread_create(&thread, NULL, test_func, NULL);
  pthread_detach(thread);
  pthread_cancel(thread);
  pthread_join(thread, NULL);
  pthread_atfork(NULL, NULL, NULL);
  pthread_exit(NULL);

  return 0;
}

Determining if the function pthread_create exists in the pthreads failed with the following output:
Change Dir: /home/kretkiew/visualExercises/cavestory/build/CMakeFiles/CMakeTmp

Run Build Command(s):/usr/bin/make -f Makefile cmTC_d6ae2/fast && /usr/bin/make  -f CMakeFiles/cmTC_d6ae2.dir/build.make CMakeFiles/cmTC_d6ae2.dir/build
make[1]: Entering directory '/home/kretkiew/visualExercises/cavestory/build/CMakeFiles/CMakeTmp'
Building C object CMakeFiles/cmTC_d6ae2.dir/CheckFunctionExists.c.o
/usr/bin/cc   -DCHECK_FUNCTION_EXISTS=pthread_create -o CMakeFiles/cmTC_d6ae2.dir/CheckFunctionExists.c.o -c /home/kretkiew/.local/lib/python2.7/site-packages/cmake/data/share/cmake-3.21/Modules/CheckFunctionExists.c
Linking C executable cmTC_d6ae2
/home/kretkiew/.local/lib/python2.7/site-packages/cmake/data/bin/cmake -E cmake_link_script CMakeFiles/cmTC_d6ae2.dir/link.txt --verbose=1
/usr/bin/cc  -DCHECK_FUNCTION_EXISTS=pthread_create CMakeFiles/cmTC_d6ae2.dir/CheckFunctionExists.c.o -o cmTC_d6ae2  -lpthreads 
/usr/bin/ld: cannot find -lpthreads
collect2: error: ld returned 1 exit status
CMakeFiles/cmTC_d6ae2.dir/build.make:98: recipe for target 'cmTC_d6ae2' failed
make[1]: *** [cmTC_d6ae2] Error 1
make[1]: Leaving directory '/home/kretkiew/visualExercises/cavestory/build/CMakeFiles/CMakeTmp'
Makefile:127: recipe for target 'cmTC_d6ae2/fast' failed
make: *** [cmTC_d6ae2/fast] Error 2



